Using pre-set license
Built from '2020.3/release' branch; Version is '2020.3.15f2 (6cf78cb77498) revision 7141260'; Using compiler version '192528614'; Build Type 'Release'
OS: 'Windows 10 Pro; OS build 19044.1526; Version 2009; 64bit' Language: 'ja' Physical Memory: 15970 MB
BatchMode: 1, IsHumanControllingUs: 0, StartBugReporterOnCrash: 0, Is64bit: 1, IsPro: 0

 COMMAND LINE ARGUMENTS:
C:\Program Files\2020.3.15f2\Editor\Unity.exe
-adb2
-batchMode
-noUpm
-name
AssetImportWorker0
-projectPath
C:/Unity/NAIST_ss/TestSoundProject
-logFile
Logs/AssetImportWorker0.log
-srvPort
64424
Successfully changed project path to: C:/Unity/NAIST_ss/TestSoundProject
C:/Unity/NAIST_ss/TestSoundProject
Using Asset Import Pipeline V2.
Refreshing native plugins compatible for Editor in 36.38 ms, found 2 plugins.
Preloading 0 native plugins for Editor in 0.00 ms.
Initialize engine version: 2020.3.15f2 (6cf78cb77498)
[Subsystems] Discovering subsystems at path C:/Program Files/2020.3.15f2/Editor/Data/Resources/UnitySubsystems
[Subsystems] Discovering subsystems at path C:/Unity/NAIST_ss/TestSoundProject/Assets
GfxDevice: creating device client; threaded=0
Direct3D:
    Version:  Direct3D 11.0 [level 11.1]
    Renderer: Intel(R) Iris(R) Plus Graphics (ID=0x8a52)
    Vendor:   
    VRAM:     7985 MB
    Driver:   27.20.100.9621
Initialize mono
Mono path[0] = 'C:/Program Files/2020.3.15f2/Editor/Data/Managed'
Mono path[1] = 'C:/Program Files/2020.3.15f2/Editor/Data/MonoBleedingEdge/lib/mono/unityjit'
Mono config path = 'C:/Program Files/2020.3.15f2/Editor/Data/MonoBleedingEdge/etc'
Using monoOptions --debugger-agent=transport=dt_socket,embedding=1,server=y,suspend=n,address=127.0.0.1:56916
Begin MonoManager ReloadAssembly
Registering precompiled unity dll's ...
Register platform support module: C:/Program Files/2020.3.15f2/Editor/Data/PlaybackEngines/WebGLSupport/UnityEditor.WebGL.Extensions.dll
Register platform support module: C:/Program Files/2020.3.15f2/Editor/Data/PlaybackEngines/MacStandaloneSupport/UnityEditor.OSXStandalone.Extensions.dll
Register platform support module: C:/Program Files/2020.3.15f2/Editor/Data/PlaybackEngines/WindowsStandaloneSupport/UnityEditor.WindowsStandalone.Extensions.dll
Registered in 0.003185 seconds.
Native extension for WindowsStandalone target not found
Native extension for OSXStandalone target not found
Native extension for WebGL target not found
Refreshing native plugins compatible for Editor in 60.17 ms, found 2 plugins.
Preloading 0 native plugins for Editor in 0.00 ms.
Mono: successfully reloaded assembly
- Completed reload, in  3.263 seconds
Domain Reload Profiling:
	ReloadAssembly (3264ms)
		BeginReloadAssembly (58ms)
			ExecutionOrderSort (0ms)
			DisableScriptedObjects (0ms)
			BackupInstance (0ms)
			ReleaseScriptingObjects (0ms)
			CreateAndSetChildDomain (1ms)
		EndReloadAssembly (479ms)
			LoadAssemblies (57ms)
			RebuildTransferFunctionScriptingTraits (0ms)
			SetupTypeCache (148ms)
			ReleaseScriptCaches (0ms)
			RebuildScriptCaches (35ms)
			SetupLoadedEditorAssemblies (180ms)
				LogAssemblyErrors (0ms)
				InitializePlatformSupportModulesInManaged (6ms)
				SetLoadedEditorAssemblies (0ms)
				RefreshPlugins (60ms)
				BeforeProcessingInitializeOnLoad (9ms)
				ProcessInitializeOnLoadAttributes (79ms)
				ProcessInitializeOnLoadMethodAttributes (27ms)
				AfterProcessingInitializeOnLoad (0ms)
				EditorAssembliesLoaded (0ms)
			ExecutionOrderSort2 (0ms)
			AwakeInstancesAfterBackupRestoration (0ms)
Platform modules already initialized, skipping
Registering precompiled user dll's ...
Registered in 0.005140 seconds.
Begin MonoManager ReloadAssembly
Native extension for WindowsStandalone target not found
Native extension for OSXStandalone target not found
Native extension for WebGL target not found
Refreshing native plugins compatible for Editor in 0.49 ms, found 2 plugins.
Preloading 0 native plugins for Editor in 0.00 ms.
Mono: successfully reloaded assembly
- Completed reload, in  1.524 seconds
Domain Reload Profiling:
	ReloadAssembly (1525ms)
		BeginReloadAssembly (205ms)
			ExecutionOrderSort (0ms)
			DisableScriptedObjects (9ms)
			BackupInstance (0ms)
			ReleaseScriptingObjects (0ms)
			CreateAndSetChildDomain (29ms)
		EndReloadAssembly (1238ms)
			LoadAssemblies (136ms)
			RebuildTransferFunctionScriptingTraits (0ms)
			SetupTypeCache (343ms)
			ReleaseScriptCaches (0ms)
			RebuildScriptCaches (81ms)
			SetupLoadedEditorAssemblies (601ms)
				LogAssemblyErrors (0ms)
				InitializePlatformSupportModulesInManaged (7ms)
				SetLoadedEditorAssemblies (0ms)
				RefreshPlugins (1ms)
				BeforeProcessingInitializeOnLoad (99ms)
				ProcessInitializeOnLoadAttributes (483ms)
				ProcessInitializeOnLoadMethodAttributes (4ms)
				AfterProcessingInitializeOnLoad (7ms)
				EditorAssembliesLoaded (0ms)
			ExecutionOrderSort2 (0ms)
			AwakeInstancesAfterBackupRestoration (7ms)
Platform modules already initialized, skipping
========================================================================
Worker process is ready to serve import requests
Launched and connected shader compiler UnityShaderCompiler.exe after 0.11 seconds
Refreshing native plugins compatible for Editor in 0.51 ms, found 2 plugins.
Preloading 0 native plugins for Editor in 0.00 ms.
Unloading 1862 Unused Serialized files (Serialized files now loaded: 0)
System memory in use before: 82.4 MB.
System memory in use after: 82.5 MB.

Unloading 21 unused Assets to reduce memory usage. Loaded Objects now: 2299.
Total: 2.721600 ms (FindLiveObjects: 0.141600 ms CreateObjectMapping: 0.055800 ms MarkObjects: 2.360100 ms  DeleteObjects: 0.162900 ms)

AssetImportParameters requested are different than current active one (requested -> active):
  custom:framework-win-MediaFoundation: 216162199b28c13a410421893ffa2e32 -> 
  custom:video-decoder-ogg-theora: a1e56fd34408186e4bbccfd4996cb3dc -> 
  custom:container-muxer-webm: aa71ff27fc2769a1b78a27578f13a17b -> 
  custom:container-demuxer-webm: 4f35f7cbe854078d1ac9338744f61a02 -> 
  custom:container-demuxer-ogg: 62fdf1f143b41e24485cea50d1cbac27 -> 
  custom:video-encoder-webm-vp8: eb34c28f22e8b96e1ab97ce403110664 -> 
  custom:video-codec-MediaFoundation-h265: 746d11721c4dcdbdad8f713fa42b33f4 -> 
  custom:video-decoder-webm-vp8: 9c59270c3fd7afecdb556c50c9e8de78 -> 
  custom:audio-decoder-ogg-vorbis: bf7c407c2cedff20999df2af8eb42d56 -> 
  custom:audio-encoder-webm-vorbis: bf7c407c2cedff20999df2af8eb42d56 -> 
========================================================================
Received Import Request.
  path: Assets/Scripts/FloorController.cs
  artifactKey: Guid(5cc124680a856804994ca9c33bfd0290) Importer(815301076,1909f56bfc062723c751e8b465ee728b)
Start importing Assets/Scripts/FloorController.cs using Guid(5cc124680a856804994ca9c33bfd0290) Importer(815301076,1909f56bfc062723c751e8b465ee728b)  -> (artifact id: '5a63853ae337aaf5714a1dc5f70bb23b') in 0.037631 seconds 
  Import took 0.041618 seconds .

========================================================================
Received Import Request.
  Time since last request: 0.000349 seconds.
  path: Assets/Scripts/TapManager.cs
  artifactKey: Guid(c6601f32f24f683459753d0682436b78) Importer(815301076,1909f56bfc062723c751e8b465ee728b)
Start importing Assets/Scripts/TapManager.cs using Guid(c6601f32f24f683459753d0682436b78) Importer(815301076,1909f56bfc062723c751e8b465ee728b)  -> (artifact id: '65f4156d0ed2757f3bd999b6355aa07b') in 0.002427 seconds 
  Import took 0.005472 seconds .

========================================================================
Received Import Request.
  Time since last request: 3.432182 seconds.
  path: Assets/Scripts/SnareController.cs
  artifactKey: Guid(89d29e16ac4fc1c4586352461d27c987) Importer(815301076,1909f56bfc062723c751e8b465ee728b)
Start importing Assets/Scripts/SnareController.cs using Guid(89d29e16ac4fc1c4586352461d27c987) Importer(815301076,1909f56bfc062723c751e8b465ee728b)  -> (artifact id: '50412c33bf265ed4c8920a512c1b50b1') in 0.007531 seconds 
  Import took 0.015574 seconds .

========================================================================
Received Import Request.
  Time since last request: 3.580780 seconds.
  path: Assets/Scripts/LowtomController.cs
  artifactKey: Guid(dd5e52227bbb37f4babb1f3a1e7b1aff) Importer(815301076,1909f56bfc062723c751e8b465ee728b)
Start importing Assets/Scripts/LowtomController.cs using Guid(dd5e52227bbb37f4babb1f3a1e7b1aff) Importer(815301076,1909f56bfc062723c751e8b465ee728b)  -> (artifact id: 'fe178ee4c2b840a46c6ade19dd321aeb') in 0.003802 seconds 
  Import took 0.009100 seconds .

========================================================================
Received Import Request.
  Time since last request: 0.001607 seconds.
  path: Assets/Scripts/LowtomController.cs
  artifactKey: Guid(dd5e52227bbb37f4babb1f3a1e7b1aff) Importer(815301076,1909f56bfc062723c751e8b465ee728b)
Start importing Assets/Scripts/LowtomController.cs using Guid(dd5e52227bbb37f4babb1f3a1e7b1aff) Importer(815301076,1909f56bfc062723c751e8b465ee728b)  -> (artifact id: 'fe178ee4c2b840a46c6ade19dd321aeb') in 0.003803 seconds 
  Import took 0.009750 seconds .

========================================================================
Received Import Request.
  Time since last request: 1.142406 seconds.
  path: Assets/Scripts/LookAtCamera.cs
  artifactKey: Guid(a70e4153160c0a1459e3fd9b851e60c4) Importer(815301076,1909f56bfc062723c751e8b465ee728b)
Start importing Assets/Scripts/LookAtCamera.cs using Guid(a70e4153160c0a1459e3fd9b851e60c4) Importer(815301076,1909f56bfc062723c751e8b465ee728b)  -> (artifact id: '874889e3e56b82fb1b016c59f851ba18') in 0.004133 seconds 
  Import took 0.010870 seconds .

========================================================================
Received Import Request.
  Time since last request: 1.543306 seconds.
  path: Assets/Scripts/HihatController.cs
  artifactKey: Guid(5bdd86298fac57544be605bc752a71f6) Importer(815301076,1909f56bfc062723c751e8b465ee728b)
Start importing Assets/Scripts/HihatController.cs using Guid(5bdd86298fac57544be605bc752a71f6) Importer(815301076,1909f56bfc062723c751e8b465ee728b)  -> (artifact id: '90450ad412af3fe287535a9193e5f19e') in 0.006853 seconds 
  Import took 0.013307 seconds .

AssetImportWorkerClient::OnTransportError - code=2 error=End of file
